<?xml version="1.0" encoding="UTF-8"?>
<testsuite xmlns:xsi="http://www.w3.org/2001/XMLSchema-instance" xsi:noNamespaceSchemaLocation="https://maven.apache.org/surefire/maven-surefire-plugin/xsd/surefire-test-report-3.0.xsd" version="3.0" name="com.springbootcicd.SpringBootCicdApplicationTests" time="3.459" tests="1" errors="0" skipped="0" failures="0">
  <properties>
[...]
</properties>
  <testcase name="contextLoads" classname="com.springbootcicd.SpringBootCicdApplicationTests" time="1.286">
    <system-out><![CDATA[10:17:32.536 [main] INFO org.springframework.test.context.support.AnnotationConfigContextLoaderUtils -- Could not detect default configuration classes for test class [com.springbootcicd.SpringBootCicdApplicationTests]: SpringBootCicdApplicationTests does not declare any static, non-private, non-final, nested classes annotated with @Configuration.
10:17:32.655 [main] INFO org.springframework.boot.test.context.SpringBootTestContextBootstrapper -- Found @SpringBootConfiguration com.springbootcicd.SpringBootCicdApplication for test class com.springbootcicd.SpringBootCicdApplicationTests

  .   ____          _            __ _ _
 /\\ / ___'_ __ _ _(_)_ __  __ _ \ \ \ \
( ( )\___ | '_ | '_| | '_ \/ _` | \ \ \ \
 \\/  ___)| |_)| | | | | || (_| |  ) ) ) )
  '  |____| .__|_| |_|_| |_\__, | / / / /
 =========|_|==============|___/=/_/_/_/
 :: Spring Boot ::                (v3.1.2)

2024-04-02T10:17:33.140+05:30  INFO 6804 --- [           main] c.s.SpringBootCicdApplicationTests       : Starting SpringBootCicdApplicationTests using Java 17 with PID 6804 (started by jhansikaranam in C:\Users\jhansikaranam\eclipse-workspace\SpringBootDocker)
2024-04-02T10:17:33.142+05:30  INFO 6804 --- [           main] c.s.SpringBootCicdApplicationTests       : No active profile set, falling back to 1 default profile: "default"
2024-04-02T10:17:34.457+05:30  INFO 6804 --- [           main] c.s.SpringBootCicdApplicationTests       : Started SpringBootCicdApplicationTests in 1.628 seconds (process running for 3.61)
]]></system-out>
  </testcase>
</testsuite>